<?xml version="1.0" encoding="UTF-8"?>
<!-- Generated by org.testng.reporters.JUnitXMLReporter -->
<testsuite ignored="0" hostname="Vipin99Lappi" failures="0" tests="1" name="chrome" time="1.629" errors="0" timestamp="2023-12-20T13:18:27 IST">
  <testcase classname="Test.testLoginPage" name="@BeforeMethod launchChrome" time="0.0">
    <failure type="java.lang.NullPointerException" message="Cannot invoke &amp;quot;org.openqa.selenium.WebDriver.get(String)&amp;quot; because &amp;quot;this.driver&amp;quot; is null">
      <![CDATA[java.lang.NullPointerException: Cannot invoke "org.openqa.selenium.WebDriver.get(String)" because "this.driver" is null
at Test.testLoginPage.launchChrome(testLoginPage.java:15)
at java.base/java.util.ArrayList.forEach(ArrayList.java:1511)
... Removed 31 stack frames]]>
    </failure>
  </testcase> <!-- @BeforeMethod launchChrome -->
  <testcase classname="Test.testLoginPage" name="@AfterClass close" time="0.0">
    <skipped/>
  </testcase> <!-- @AfterClass close -->
  <testcase classname="Test.RunBrowser" name="@AfterClass CloseBrowser" time="0.0">
    <skipped/>
  </testcase> <!-- @AfterClass CloseBrowser -->
  <testcase classname="Test.testLoginPage" name="launchChrome" time="0.0">
    <skipped/>
  </testcase> <!-- launchChrome -->
</testsuite> <!-- chrome -->
