<?xml version="1.0" encoding="UTF-8"?>
<!-- Generated by org.testng.reporters.JUnitXMLReporter -->
<testsuite ignored="0" hostname="Vipin99Lappi" failures="0" tests="4" name="ChromeTest" time="22.715" errors="0" timestamp="2024-01-25T18:40:03 IST">
  <testcase classname="Test.verifyAddMainPage" name="click_to_test_jeep_Add" time="3.459"/>
  <testcase classname="Test.mainPageHeaderTest" name="verify_Login" time="0.271"/>
  <testcase classname="Test.mainPageHeaderTest" name="testHeaders" time="6.549"/>
  <testcase classname="Test.mainPageHeaderTest" name="testrightHeader" time="4.854"/>
</testsuite> <!-- ChromeTest -->
