<?xml version="1.0" encoding="UTF-8"?>
<!-- Generated by org.testng.reporters.JUnitXMLReporter -->
<testsuite ignored="0" hostname="Vipin99Lappi" failures="0" tests="2" name="mainPageTest" time="0.398" errors="0" timestamp="2024-01-24T16:00:34 IST">
  <testcase classname="Test.mainPageTest" name="closeloginpopup" time="0.0">
    <skipped/>
  </testcase> <!-- closeloginpopup -->
  <testcase classname="Test.mainPageTest" name="verify_Login" time="0.0">
    <skipped/>
  </testcase> <!-- verify_Login -->
</testsuite> <!-- mainPageTest -->
