<?xml version="1.0" encoding="UTF-8"?>
<testng-results ignored="0" total="4" passed="4" failed="0" skipped="0">
  <reporter-output>
  </reporter-output>
  <suite started-at="2024-01-25T18:28:55 IST" name="Suite" finished-at="2024-01-25T18:29:18 IST" duration-ms="22711">
    <groups>
      <group name="smoke">
        <method signature="mainPageHeaderTest.verify_Login()[pri:1, instance:Test.verifyAddMainPage@55a147cc]" name="verify_Login" class="Test.mainPageHeaderTest"/>
        <method signature="mainPageHeaderTest.testHeaders()[pri:2, instance:Test.verifyAddMainPage@55a147cc]" name="testHeaders" class="Test.mainPageHeaderTest"/>
        <method signature="mainPageHeaderTest.testrightHeader()[pri:3, instance:Test.verifyAddMainPage@55a147cc]" name="testrightHeader" class="Test.mainPageHeaderTest"/>
      </group> <!-- smoke -->
      <group name="sanity">
        <method signature="verifyAddMainPage.click_to_test_jeep_Add()[pri:1, instance:Test.verifyAddMainPage@55a147cc]" name="click_to_test_jeep_Add" class="Test.verifyAddMainPage"/>
        <method signature="mainPageHeaderTest.testrightHeader()[pri:3, instance:Test.verifyAddMainPage@55a147cc]" name="testrightHeader" class="Test.mainPageHeaderTest"/>
      </group> <!-- sanity -->
    </groups>
    <test started-at="2024-01-25T18:28:55 IST" name="ChromeTest" finished-at="2024-01-25T18:29:18 IST" duration-ms="22711">
      <class name="Test.verifyAddMainPage">
        <test-method is-config="true" signature="OpenBrowser(java.lang.String)[pri:0, instance:Test.verifyAddMainPage@55a147cc]" started-at="2024-01-25T18:28:55 IST" name="OpenBrowser" finished-at="2024-01-25T18:28:57 IST" duration-ms="1578" status="PASS">
          <params>
            <param index="0">
              <value>
                <![CDATA[chrome]]>
              </value>
            </param>
          </params>
          <reporter-output>
          </reporter-output>
        </test-method> <!-- OpenBrowser -->
        <test-method is-config="true" signature="verification_of_launch_page_and_title()[pri:0, instance:Test.verifyAddMainPage@55a147cc]" started-at="2024-01-25T18:28:57 IST" name="verification_of_launch_page_and_title" description="verification of launch page and title" finished-at="2024-01-25T18:28:59 IST" duration-ms="1899" status="PASS">
          <reporter-output>
          </reporter-output>
        </test-method> <!-- verification_of_launch_page_and_title -->
        <test-method is-config="true" signature="verify_MainPage()[pri:0, instance:Test.verifyAddMainPage@55a147cc]" started-at="2024-01-25T18:28:59 IST" name="verify_MainPage" finished-at="2024-01-25T18:28:59 IST" duration-ms="569" status="PASS">
          <reporter-output>
          </reporter-output>
        </test-method> <!-- verify_MainPage -->
        <test-method signature="click_to_test_jeep_Add()[pri:1, instance:Test.verifyAddMainPage@55a147cc]" started-at="2024-01-25T18:28:59 IST" name="click_to_test_jeep_Add" description="Test Jeep Banner Add" finished-at="2024-01-25T18:29:03 IST" duration-ms="3210" status="PASS">
          <reporter-output>
          </reporter-output>
        </test-method> <!-- click_to_test_jeep_Add -->
        <test-method is-config="true" signature="add_verification_done()[pri:0, instance:Test.verifyAddMainPage@55a147cc]" started-at="2024-01-25T18:29:03 IST" name="add_verification_done" finished-at="2024-01-25T18:29:03 IST" duration-ms="0" status="PASS">
          <reporter-output>
          </reporter-output>
        </test-method> <!-- add_verification_done -->
        <test-method is-config="true" signature="Verificariondone()[pri:0, instance:Test.verifyAddMainPage@55a147cc]" started-at="2024-01-25T18:29:03 IST" name="Verificariondone" description="verification done" finished-at="2024-01-25T18:29:03 IST" duration-ms="0" status="PASS">
          <reporter-output>
          </reporter-output>
        </test-method> <!-- Verificariondone -->
        <test-method is-config="true" signature="verification_of_launch_page_and_title()[pri:0, instance:Test.verifyAddMainPage@55a147cc]" started-at="2024-01-25T18:29:03 IST" name="verification_of_launch_page_and_title" description="verification of launch page and title" finished-at="2024-01-25T18:29:03 IST" duration-ms="648" status="PASS">
          <reporter-output>
          </reporter-output>
        </test-method> <!-- verification_of_launch_page_and_title -->
        <test-method is-config="true" signature="verify_MainPage()[pri:0, instance:Test.verifyAddMainPage@55a147cc]" started-at="2024-01-25T18:29:03 IST" name="verify_MainPage" finished-at="2024-01-25T18:29:04 IST" duration-ms="609" status="PASS">
          <reporter-output>
          </reporter-output>
        </test-method> <!-- verify_MainPage -->
        <test-method signature="verify_Login()[pri:1, instance:Test.verifyAddMainPage@55a147cc]" started-at="2024-01-25T18:29:04 IST" name="verify_Login" description="Verify Login and close popup" finished-at="2024-01-25T18:29:04 IST" duration-ms="240" status="PASS">
          <reporter-output>
          </reporter-output>
        </test-method> <!-- verify_Login -->
        <test-method is-config="true" signature="add_verification_done()[pri:0, instance:Test.verifyAddMainPage@55a147cc]" started-at="2024-01-25T18:29:04 IST" name="add_verification_done" finished-at="2024-01-25T18:29:04 IST" duration-ms="1" status="PASS">
          <reporter-output>
          </reporter-output>
        </test-method> <!-- add_verification_done -->
        <test-method is-config="true" signature="Verificariondone()[pri:0, instance:Test.verifyAddMainPage@55a147cc]" started-at="2024-01-25T18:29:04 IST" name="Verificariondone" description="verification done" finished-at="2024-01-25T18:29:04 IST" duration-ms="0" status="PASS">
          <reporter-output>
          </reporter-output>
        </test-method> <!-- Verificariondone -->
        <test-method is-config="true" signature="verification_of_launch_page_and_title()[pri:0, instance:Test.verifyAddMainPage@55a147cc]" started-at="2024-01-25T18:29:04 IST" name="verification_of_launch_page_and_title" description="verification of launch page and title" finished-at="2024-01-25T18:29:04 IST" duration-ms="218" status="PASS">
          <reporter-output>
          </reporter-output>
        </test-method> <!-- verification_of_launch_page_and_title -->
        <test-method is-config="true" signature="verify_MainPage()[pri:0, instance:Test.verifyAddMainPage@55a147cc]" started-at="2024-01-25T18:29:04 IST" name="verify_MainPage" finished-at="2024-01-25T18:29:05 IST" duration-ms="510" status="PASS">
          <reporter-output>
          </reporter-output>
        </test-method> <!-- verify_MainPage -->
        <test-method signature="testHeaders()[pri:2, instance:Test.verifyAddMainPage@55a147cc]" started-at="2024-01-25T18:29:05 IST" name="testHeaders" description="Hower on and Test Newcars,Usedcars and Reviews and News shoing required options" finished-at="2024-01-25T18:29:11 IST" duration-ms="6518" status="PASS">
          <reporter-output>
          </reporter-output>
        </test-method> <!-- testHeaders -->
        <test-method is-config="true" signature="Verificariondone()[pri:0, instance:Test.verifyAddMainPage@55a147cc]" started-at="2024-01-25T18:29:11 IST" name="Verificariondone" description="verification done" finished-at="2024-01-25T18:29:11 IST" duration-ms="1" status="PASS">
          <reporter-output>
          </reporter-output>
        </test-method> <!-- Verificariondone -->
        <test-method is-config="true" signature="add_verification_done()[pri:0, instance:Test.verifyAddMainPage@55a147cc]" started-at="2024-01-25T18:29:11 IST" name="add_verification_done" finished-at="2024-01-25T18:29:11 IST" duration-ms="0" status="PASS">
          <reporter-output>
          </reporter-output>
        </test-method> <!-- add_verification_done -->
        <test-method is-config="true" signature="verification_of_launch_page_and_title()[pri:0, instance:Test.verifyAddMainPage@55a147cc]" started-at="2024-01-25T18:29:11 IST" name="verification_of_launch_page_and_title" description="verification of launch page and title" finished-at="2024-01-25T18:29:12 IST" duration-ms="587" status="PASS">
          <reporter-output>
          </reporter-output>
        </test-method> <!-- verification_of_launch_page_and_title -->
        <test-method is-config="true" signature="verify_MainPage()[pri:0, instance:Test.verifyAddMainPage@55a147cc]" started-at="2024-01-25T18:29:12 IST" name="verify_MainPage" finished-at="2024-01-25T18:29:13 IST" duration-ms="639" status="PASS">
          <reporter-output>
          </reporter-output>
        </test-method> <!-- verify_MainPage -->
        <test-method signature="testrightHeader()[pri:3, instance:Test.verifyAddMainPage@55a147cc]" started-at="2024-01-25T18:29:13 IST" name="testrightHeader" description="Test searchbar ,language changing option and Location option in headders" finished-at="2024-01-25T18:29:17 IST" duration-ms="4724" status="PASS">
          <reporter-output>
          </reporter-output>
        </test-method> <!-- testrightHeader -->
        <test-method is-config="true" signature="add_verification_done()[pri:0, instance:Test.verifyAddMainPage@55a147cc]" started-at="2024-01-25T18:29:17 IST" name="add_verification_done" finished-at="2024-01-25T18:29:17 IST" duration-ms="0" status="PASS">
          <reporter-output>
          </reporter-output>
        </test-method> <!-- add_verification_done -->
        <test-method is-config="true" signature="Verificariondone()[pri:0, instance:Test.verifyAddMainPage@55a147cc]" started-at="2024-01-25T18:29:17 IST" name="Verificariondone" description="verification done" finished-at="2024-01-25T18:29:17 IST" duration-ms="0" status="PASS">
          <reporter-output>
          </reporter-output>
        </test-method> <!-- Verificariondone -->
        <test-method is-config="true" signature="CloseBrowser(java.lang.String)[pri:0, instance:Test.verifyAddMainPage@55a147cc]" started-at="2024-01-25T18:29:17 IST" name="CloseBrowser" finished-at="2024-01-25T18:29:18 IST" duration-ms="434" status="PASS">
          <params>
            <param index="0">
              <value>
                <![CDATA[chrome]]>
              </value>
            </param>
          </params>
          <reporter-output>
          </reporter-output>
        </test-method> <!-- CloseBrowser -->
      </class> <!-- Test.verifyAddMainPage -->
    </test> <!-- ChromeTest -->
  </suite> <!-- Suite -->
</testng-results>
